0 info it worked if it ends with ok
1 verbose cli [ 'C:\\Program Files\\nodejs\\node.exe',
1 verbose cli   'C:\\Program Files\\nodejs\\node_modules\\npm\\bin\\npm-cli.js',
1 verbose cli   'run',
1 verbose cli   'build' ]
2 info using npm@3.10.10
3 info using node@v6.11.3
4 verbose run-script [ 'prebuild', 'build', 'postbuild' ]
5 info lifecycle webpack-sass-babel-basics@1.0.0~prebuild: webpack-sass-babel-basics@1.0.0
6 silly lifecycle webpack-sass-babel-basics@1.0.0~prebuild: no script for prebuild, continuing
7 info lifecycle webpack-sass-babel-basics@1.0.0~build: webpack-sass-babel-basics@1.0.0
8 verbose lifecycle webpack-sass-babel-basics@1.0.0~build: unsafe-perm in lifecycle true
9 verbose lifecycle webpack-sass-babel-basics@1.0.0~build: PATH: C:\Program Files\nodejs\node_modules\npm\bin\node-gyp-bin;C:\Users\Nick\Repositories\Webpack-Sass-Babel-Basics\node_modules\.bin;C:\Program Files\Common Files\Microsoft Shared\Windows Live;C:\Program Files (x86)\Common Files\Microsoft Shared\Windows Live;C:\WINDOWS\system32;C:\WINDOWS;C:\WINDOWS\System32\Wbem;C:\WINDOWS\System32\WindowsPowerShell\v1.0\;C:\Program Files (x86)\Windows Live\Shared;C:\Program Files\Intel\WiFi\bin\;C:\Program Files\Common Files\Intel\WirelessCommon\;C:\Program Files (x86)\Calibre2\;C:\Program Files (x86)\Common Files\Autodesk Shared\;C:\Program Files (x86)\QuickTime\QTSystem\;C:\Program Files (x86)\Java\jdk1.7.0_21\bin;C:\Program Files (x86)\ApacheAnt\apache-ant-1.9.0\bin;C:\Users\Nick\Documents\School\P12\MOB6\adt bundle windows\adt-bundle-windows-x86_64-20130219\sdk\tools;C:\Users\Nick\Documents\School\P12\MOB6\adt bundle windows\adt-bundle-windows-x86_64-20130219\sdk\platform-tools;C:\Program Files\nodejs\;C:\Program Files\Git\cmd;C:\Ruby24-x64\bin;C:\Users\Nick\AppData\Local\Microsoft\WindowsApps;;C:\Program Files\Microsoft VS Code\bin;C:\Users\Nick\AppData\Roaming\npm
10 verbose lifecycle webpack-sass-babel-basics@1.0.0~build: CWD: C:\Users\Nick\Repositories\Webpack-Sass-Babel-Basics
11 silly lifecycle webpack-sass-babel-basics@1.0.0~build: Args: [ '/d /s /c', 'webpack-dev-server' ]
12 silly lifecycle webpack-sass-babel-basics@1.0.0~build: Returned: code: 1  signal: null
13 info lifecycle webpack-sass-babel-basics@1.0.0~build: Failed to exec build script
14 verbose stack Error: webpack-sass-babel-basics@1.0.0 build: `webpack-dev-server`
14 verbose stack Exit status 1
14 verbose stack     at EventEmitter.<anonymous> (C:\Program Files\nodejs\node_modules\npm\lib\utils\lifecycle.js:255:16)
14 verbose stack     at emitTwo (events.js:106:13)
14 verbose stack     at EventEmitter.emit (events.js:191:7)
14 verbose stack     at ChildProcess.<anonymous> (C:\Program Files\nodejs\node_modules\npm\lib\utils\spawn.js:40:14)
14 verbose stack     at emitTwo (events.js:106:13)
14 verbose stack     at ChildProcess.emit (events.js:191:7)
14 verbose stack     at maybeClose (internal/child_process.js:920:16)
14 verbose stack     at Process.ChildProcess._handle.onexit (internal/child_process.js:230:5)
15 verbose pkgid webpack-sass-babel-basics@1.0.0
16 verbose cwd C:\Users\Nick\Repositories\Webpack-Sass-Babel-Basics
17 error Windows_NT 10.0.16299
18 error argv "C:\\Program Files\\nodejs\\node.exe" "C:\\Program Files\\nodejs\\node_modules\\npm\\bin\\npm-cli.js" "run" "build"
19 error node v6.11.3
20 error npm  v3.10.10
21 error code ELIFECYCLE
22 error webpack-sass-babel-basics@1.0.0 build: `webpack-dev-server`
22 error Exit status 1
23 error Failed at the webpack-sass-babel-basics@1.0.0 build script 'webpack-dev-server'.
23 error Make sure you have the latest version of node.js and npm installed.
23 error If you do, this is most likely a problem with the webpack-sass-babel-basics package,
23 error not with npm itself.
23 error Tell the author that this fails on your system:
23 error     webpack-dev-server
23 error You can get information on how to open an issue for this project with:
23 error     npm bugs webpack-sass-babel-basics
23 error Or if that isn't available, you can get their info via:
23 error     npm owner ls webpack-sass-babel-basics
23 error There is likely additional logging output above.
24 verbose exit [ 1, true ]
